<?xml version="1.0" encoding="UTF-8"?>
<!-- Generated by org.testng.reporters.JUnitXMLReporter -->
<testsuite hostname="lenovo" name="Default test" tests="3" failures="0" timestamp="30 Apr 2016 16:04:40 GMT" time="33.063" errors="0">
  <testcase name="setUpTest" time="32.816" classname="com.sqa.jf.util.helpers.BasicAutomationTest"/>
  <testcase name="test" time="0.005" classname="com.sqa.jf.util.helpers.BasicAutomationTest"/>
  <testcase name="test" time="0.016" classname="com.sqa.jf.util.helpers.BasicAutomationTest"/>
</testsuite> <!-- Default test -->
