<?xml version="1.0" encoding="UTF-8"?>
<testng-results skipped="0" failed="0" total="3" passed="3">
  <reporter-output>
  </reporter-output>
  <suite name="Default suite" duration-ms="33063" started-at="2016-04-30T16:04:07Z" finished-at="2016-04-30T16:04:40Z">
    <groups>
    </groups>
    <test name="Default test" duration-ms="33063" started-at="2016-04-30T16:04:07Z" finished-at="2016-04-30T16:04:40Z">
      <class name="com.sqa.jf.util.helpers.BasicAutomationTest">
        <test-method status="PASS" signature="loadProperties()[pri:0, instance:com.sqa.jf.util.helpers.BasicAutomationTest@2a2d45ba]" name="loadProperties" is-config="true" duration-ms="56" started-at="2016-04-30T09:04:07Z" finished-at="2016-04-30T09:04:07Z">
          <reporter-output>
          </reporter-output>
        </test-method> <!-- loadProperties -->
        <test-method status="PASS" signature="setUpTest()[pri:1, instance:com.sqa.jf.util.helpers.BasicAutomationTest@2a2d45ba]" name="setUpTest" duration-ms="32816" started-at="2016-04-30T09:04:07Z" finished-at="2016-04-30T09:04:40Z">
          <reporter-output>
          </reporter-output>
        </test-method> <!-- setUpTest -->
        <test-method status="PASS" signature="test(java.lang.Integer, java.lang.String)[pri:50, instance:com.sqa.jf.util.helpers.BasicAutomationTest@2a2d45ba]" name="test" duration-ms="5" started-at="2016-04-30T09:04:40Z" data-provider="dp" finished-at="2016-04-30T09:04:40Z">
          <params>
            <param index="0">
              <value>
                <![CDATA[1]]>
              </value>
            </param>
            <param index="1">
              <value>
                <![CDATA[a]]>
              </value>
            </param>
          </params>
          <reporter-output>
          </reporter-output>
        </test-method> <!-- test -->
        <test-method status="PASS" signature="test(java.lang.Integer, java.lang.String)[pri:50, instance:com.sqa.jf.util.helpers.BasicAutomationTest@2a2d45ba]" name="test" duration-ms="16" started-at="2016-04-30T09:04:40Z" data-provider="dp" finished-at="2016-04-30T09:04:40Z">
          <params>
            <param index="0">
              <value>
                <![CDATA[2]]>
              </value>
            </param>
            <param index="1">
              <value>
                <![CDATA[b]]>
              </value>
            </param>
          </params>
          <reporter-output>
          </reporter-output>
        </test-method> <!-- test -->
      </class> <!-- com.sqa.jf.util.helpers.BasicAutomationTest -->
    </test> <!-- Default test -->
  </suite> <!-- Default suite -->
</testng-results>
